<?xml version="1.0" encoding="UTF-8"?>
<!-- Generated by org.testng.reporters.JUnitReportReporter -->
<testsuite hostname="Sayali-S" name="Testpkg.conversationFor2Users" tests="1" failures="0" timestamp="13 Jun 2017 09:40:02 GMT" time="31.687" errors="0">
  <testcase name="test" time="31.687" classname="Testpkg.conversationFor2Users"/>
</testsuite> <!-- Testpkg.conversationFor2Users -->
