<?xml version="1.0" encoding="UTF-8"?>
<!-- Generated by org.testng.reporters.JUnitReportReporter -->
<testsuite hostname="Sayali-S" name="Testpkg.Validation" tests="1" failures="0" timestamp="13 Jun 2017 09:11:32 GMT" time="67.982" errors="0">
  <testcase name="test" time="67.982" classname="Testpkg.Validation"/>
</testsuite> <!-- Testpkg.Validation -->
