<?xml version="1.0" encoding="UTF-8"?>
<!-- Generated by org.testng.reporters.JUnitReportReporter -->
<testsuite hostname="Sayali-S" name="Testpkg.conversationFor2Users" tests="1" failures="0" timestamp="13 Jun 2017 05:33:01 GMT" time="28.527" errors="0">
  <testcase name="test" time="28.527" classname="Testpkg.conversationFor2Users"/>
</testsuite> <!-- Testpkg.conversationFor2Users -->
