<?xml version="1.0" encoding="UTF-8"?>
<!-- Generated by org.testng.reporters.JUnitReportReporter -->
<testsuite hostname="Sayali-S" name="Testpkg.Logintest_Multipleuser" tests="1" failures="0" timestamp="7 Jun 2017 10:53:58 GMT" time="27.534" errors="0">
  <testcase name="varifyValidlogin" time="27.534" classname="Testpkg.Logintest_Multipleuser"/>
</testsuite> <!-- Testpkg.Logintest_Multipleuser -->
