<?xml version="1.0" encoding="UTF-8"?>
<!-- Generated by org.testng.reporters.JUnitReportReporter -->
<testsuite hostname="Sayali-S" name="Testpkg.Logintest_singleuser" tests="1" failures="0" timestamp="7 Jun 2017 11:19:04 GMT" time="24.775" errors="0">
  <testcase name="varifyValidlogin" time="24.775" classname="Testpkg.Logintest_singleuser"/>
</testsuite> <!-- Testpkg.Logintest_singleuser -->
