<?xml version="1.0" encoding="UTF-8"?>
<!-- Generated by org.testng.reporters.JUnitReportReporter -->
<testsuite hostname="Sayali-S" name="Testpkg.Message_Test" tests="1" failures="0" timestamp="8 Jun 2017 08:48:45 GMT" time="27.139" errors="0">
  <testcase name="msgSendRecieve" time="27.139" classname="Testpkg.Message_Test"/>
</testsuite> <!-- Testpkg.Message_Test -->
