<?xml version="1.0" encoding="UTF-8"?>
<!-- Generated by org.testng.reporters.JUnitReportReporter -->
<testsuite hostname="Sayali-S" name="Testpkg.logintest" tests="1" failures="0" timestamp="7 Jun 2017 06:08:59 GMT" time="26.957" errors="0">
  <testcase name="varifyValidlogin" time="26.957" classname="Testpkg.logintest"/>
</testsuite> <!-- Testpkg.logintest -->
